app/build/outputs/logs/manifest-merger-debug-report.txt
-- Merging decision tree log ---
manifest
ADDED from src/main/AndroidManifest.xml:2:1-111:12
	package
		ADDED from src/main/AndroidManifest.xml:3:5-31
		INJECTED from src/main/AndroidManifest.xml
		INJECTED from src/main/AndroidManifest.xml
	android:versionName
		ADDED from src/main/AndroidManifest.xml:5:5-30
		INJECTED from src/main/AndroidManifest.xml
		INJECTED from src/main/AndroidManifest.xml
	android:versionCode
		ADDED from src/main/AndroidManifest.xml:4:5-28
		INJECTED from src/main/AndroidManifest.xml
		INJECTED from src/main/AndroidManifest.xml
	xmlns:android
		ADDED from src/main/AndroidManifest.xml:2:11-69
uses-sdk
ADDED from src/main/AndroidManifest.xml:7:5-9:41
MERGED from [com.android.support:support-v4:22.2.1] AndroidManifest.xml:20:5-43
	android:targetSdkVersion
		ADDED from src/main/AndroidManifest.xml:9:9-38
		INJECTED from src/main/AndroidManifest.xml
		INJECTED from src/main/AndroidManifest.xml
	android:minSdkVersion
		ADDED from src/main/AndroidManifest.xml:8:9-35
		INJECTED from src/main/AndroidManifest.xml
		INJECTED from src/main/AndroidManifest.xml
application
ADDED from src/main/AndroidManifest.xml:11:5-109:19
MERGED from [com.android.support:support-v4:22.2.1] AndroidManifest.xml:22:5-20
	android:label
		ADDED from src/main/AndroidManifest.xml:15:9-41
	android:configChanges
		ADDED from src/main/AndroidManifest.xml:13:9-44
	android:allowBackup
		ADDED from src/main/AndroidManifest.xml:12:9-35
	android:icon
		ADDED from src/main/AndroidManifest.xml:14:9-45
	android:theme
		ADDED from src/main/AndroidManifest.xml:16:9-40
activity#id.barkost.waris.Splash
ADDED from src/main/AndroidManifest.xml:17:9-25:20
	android:screenOrientation
		ADDED from src/main/AndroidManifest.xml:19:13-49
	android:name
		ADDED from src/main/AndroidManifest.xml:18:13-51
intent-filter#android.intent.action.MAIN+android.intent.category.LAUNCHER
ADDED from src/main/AndroidManifest.xml:20:13-24:29
action#android.intent.action.MAIN
ADDED from src/main/AndroidManifest.xml:21:17-69
	android:name
		ADDED from src/main/AndroidManifest.xml:21:25-66
category#android.intent.category.LAUNCHER
ADDED from src/main/AndroidManifest.xml:23:17-77
	android:name
		ADDED from src/main/AndroidManifest.xml:23:27-74
activity#id.barkost.waris.MainActivity
ADDED from src/main/AndroidManifest.xml:26:9-29:20
	android:screenOrientation
		ADDED from src/main/AndroidManifest.xml:28:13-49
	android:name
		ADDED from src/main/AndroidManifest.xml:27:13-57
activity#id.barkost.waris.ActHelp
ADDED from src/main/AndroidManifest.xml:30:9-34:20
	android:screenOrientation
		ADDED from src/main/AndroidManifest.xml:32:13-49
	android:theme
		ADDED from src/main/AndroidManifest.xml:33:13-72
	android:name
		ADDED from src/main/AndroidManifest.xml:31:13-52
activity#id.barkost.waris.About
ADDED from src/main/AndroidManifest.xml:35:9-38:20
	android:screenOrientation
		ADDED from src/main/AndroidManifest.xml:37:13-49
	android:name
		ADDED from src/main/AndroidManifest.xml:36:13-50
activity#id.barkost.waris.Help
ADDED from src/main/AndroidManifest.xml:39:9-42:20
	android:screenOrientation
		ADDED from src/main/AndroidManifest.xml:41:13-49
	android:name
		ADDED from src/main/AndroidManifest.xml:40:13-49
activity#id.barkost.waris.Hitung1
ADDED from src/main/AndroidManifest.xml:43:9-46:20
	android:screenOrientation
		ADDED from src/main/AndroidManifest.xml:45:13-49
	android:name
		ADDED from src/main/AndroidManifest.xml:44:13-52
activity#id.barkost.waris.Hitung2
ADDED from src/main/AndroidManifest.xml:47:9-50:20
	android:screenOrientation
		ADDED from src/main/AndroidManifest.xml:49:13-49
	android:name
		ADDED from src/main/AndroidManifest.xml:48:13-52
activity#id.barkost.waris.Hitung3
ADDED from src/main/AndroidManifest.xml:51:9-54:20
	android:screenOrientation
		ADDED from src/main/AndroidManifest.xml:53:13-49
	android:name
		ADDED from src/main/AndroidManifest.xml:52:13-52
activity#id.barkost.waris.Hitung4
ADDED from src/main/AndroidManifest.xml:55:9-58:20
	android:screenOrientation
		ADDED from src/main/AndroidManifest.xml:57:13-49
	android:name
		ADDED from src/main/AndroidManifest.xml:56:13-52
activity#id.barkost.waris.Hitung5
ADDED from src/main/AndroidManifest.xml:59:9-62:20
	android:screenOrientation
		ADDED from src/main/AndroidManifest.xml:61:13-49
	android:name
		ADDED from src/main/AndroidManifest.xml:60:13-52
activity#id.barkost.waris.Hitung6
ADDED from src/main/AndroidManifest.xml:63:9-66:20
	android:screenOrientation
		ADDED from src/main/AndroidManifest.xml:65:13-49
	android:name
		ADDED from src/main/AndroidManifest.xml:64:13-52
activity#id.barkost.waris.HitungHasil
ADDED from src/main/AndroidManifest.xml:67:9-70:20
	android:screenOrientation
		ADDED from src/main/AndroidManifest.xml:69:13-49
	android:name
		ADDED from src/main/AndroidManifest.xml:68:13-56
activity#id.barkost.waris.Materi
ADDED from src/main/AndroidManifest.xml:71:9-74:20
	android:screenOrientation
		ADDED from src/main/AndroidManifest.xml:73:13-49
	android:name
		ADDED from src/main/AndroidManifest.xml:72:13-51
activity#id.barkost.waris.MateriCnt
ADDED from src/main/AndroidManifest.xml:75:9-78:20
	android:screenOrientation
		ADDED from src/main/AndroidManifest.xml:77:13-49
	android:name
		ADDED from src/main/AndroidManifest.xml:76:13-54
activity#id.barkost.waris.MateriAhli
ADDED from src/main/AndroidManifest.xml:79:9-82:20
	android:screenOrientation
		ADDED from src/main/AndroidManifest.xml:81:13-49
	android:name
		ADDED from src/main/AndroidManifest.xml:80:13-55
activity#id.barkost.waris.MateriAyat
ADDED from src/main/AndroidManifest.xml:83:9-86:20
	android:screenOrientation
		ADDED from src/main/AndroidManifest.xml:85:13-49
	android:name
		ADDED from src/main/AndroidManifest.xml:84:13-55
activity#id.barkost.waris.MateriAhliCnt
ADDED from src/main/AndroidManifest.xml:87:9-90:20
	android:screenOrientation
		ADDED from src/main/AndroidManifest.xml:89:13-49
	android:name
		ADDED from src/main/AndroidManifest.xml:88:13-58
activity#id.barkost.waris.MateriMasalah
ADDED from src/main/AndroidManifest.xml:91:9-94:20
	android:screenOrientation
		ADDED from src/main/AndroidManifest.xml:93:13-49
	android:name
		ADDED from src/main/AndroidManifest.xml:92:13-58
activity#id.barkost.waris.MateriMasalahCnt
ADDED from src/main/AndroidManifest.xml:95:9-98:20
	android:screenOrientation
		ADDED from src/main/AndroidManifest.xml:97:13-49
	android:name
		ADDED from src/main/AndroidManifest.xml:96:13-61
activity#id.barkost.waris.MateriPohon
ADDED from src/main/AndroidManifest.xml:99:9-100:20
	android:name
		ADDED from src/main/AndroidManifest.xml:99:19-62
activity#id.barkost.waris.HelpHitung
ADDED from src/main/AndroidManifest.xml:101:9-104:20
	android:screenOrientation
		ADDED from src/main/AndroidManifest.xml:103:13-49
	android:name
		ADDED from src/main/AndroidManifest.xml:102:13-55
activity#id.barkost.waris.HelpMateri
ADDED from src/main/AndroidManifest.xml:105:9-108:20
	android:screenOrientation
		ADDED from src/main/AndroidManifest.xml:107:13-49
	android:name
		ADDED from src/main/AndroidManifest.xml:106:13-55